program -> (-1, -1)
id -> (2, 0)
{ -> (-1, -1)
number -> (-1, -1)
id -> (0, 0)
; -> (-1, -1)
read -> (-1, -1)
id -> (0, 0)
; -> (-1, -1)
if -> (-1, -1)
( -> (-1, -1)
id -> (0, 0)
< -> (-1, -1)
const -> (0, 0)
) -> (-1, -1)
~ -> (-1, -1)
{ -> (-1, -1)
return -> (-1, -1)
false -> (-1, -1)
; -> (-1, -1)
} -> (-1, -1)
if -> (-1, -1)
( -> (-1, -1)
id -> (0, 0)
% -> (-1, -1)
const -> (0, 0)
Equal -> (-1, -1)
const -> (8, 0)
) -> (-1, -1)
~ -> (-1, -1)
{ -> (-1, -1)
return -> (-1, -1)
false -> (-1, -1)
; -> (-1, -1)
} -> (-1, -1)
number -> (-1, -1)
id -> (6, 0)
; -> (-1, -1)
for -> (-1, -1)
( -> (-1, -1)
id -> (6, 0)
= -> (-1, -1)
const -> (1, 0)
; -> (-1, -1)
id -> (6, 0)
<= -> (-1, -1)
id -> (0, 0)
; -> (-1, -1)
id -> (6, 0)
= -> (-1, -1)
id -> (6, 0)
+ -> (-1, -1)
const -> (1, 0)
) -> (-1, -1)
{ -> (-1, -1)
if -> (-1, -1)
( -> (-1, -1)
id -> (0, 0)
% -> (-1, -1)
id -> (6, 0)
Equal -> (-1, -1)
const -> (8, 0)
) -> (-1, -1)
~ -> (-1, -1)
{ -> (-1, -1)
return -> (-1, -1)
false -> (-1, -1)
; -> (-1, -1)
} -> (-1, -1)
} -> (-1, -1)
return -> (-1, -1)
true -> (-1, -1)
; -> (-1, -1)
} -> (-1, -1)
